{"C:\\Users\\eduar\\OneDrive\\Escritorio\\Semestre 6\\Ingenieria de Software\\Kalpan\\Kalpan\\Backend\\src\\app.js": {"path":"C:\\Users\\eduar\\OneDrive\\Escritorio\\Semestre 6\\Ingenieria de Software\\Kalpan\\Kalpan\\Backend\\src\\app.js","statementMap":{"0":{"start":{"line":8,"column":12},"end":{"line":8,"column":21}},"1":{"start":{"line":10,"column":0},"end":{"line":13,"column":4}},"2":{"start":{"line":15,"column":0},"end":{"line":15,"column":24}},"3":{"start":{"line":17,"column":0},"end":{"line":17,"column":65}},"4":{"start":{"line":18,"column":0},"end":{"line":18,"column":26}},"5":{"start":{"line":19,"column":0},"end":{"line":19,"column":27}},"6":{"start":{"line":20,"column":0},"end":{"line":20,"column":15}}},"fnMap":{},"branchMap":{},"s":{"0":3,"1":3,"2":3,"3":3,"4":3,"5":3,"6":3},"f":{},"b":{},"inputSourceMap":null,"_coverageSchema":"1a1c01bbd47fc00a2c39e90264f33305004495a9","hash":"1b1a78d254368e5b84c90ca3f513c86e72bea87f"}
,"C:\\Users\\eduar\\OneDrive\\Escritorio\\Semestre 6\\Ingenieria de Software\\Kalpan\\Kalpan\\Backend\\src\\controllers\\alojamiento.Controller.js": {"path":"C:\\Users\\eduar\\OneDrive\\Escritorio\\Semestre 6\\Ingenieria de Software\\Kalpan\\Kalpan\\Backend\\src\\controllers\\alojamiento.Controller.js","statementMap":{"0":{"start":{"line":3,"column":32},"end":{"line":16,"column":1}},"1":{"start":{"line":4,"column":4},"end":{"line":15,"column":5}},"2":{"start":{"line":5,"column":159},"end":{"line":5,"column":167}},"3":{"start":{"line":7,"column":31},"end":{"line":9,"column":10}},"4":{"start":{"line":11,"column":8},"end":{"line":11,"column":36}},"5":{"start":{"line":12,"column":8},"end":{"line":12,"column":96}},"6":{"start":{"line":14,"column":8},"end":{"line":14,"column":62}},"7":{"start":{"line":17,"column":31},"end":{"line":24,"column":1}},"8":{"start":{"line":18,"column":2},"end":{"line":23,"column":3}},"9":{"start":{"line":19,"column":25},"end":{"line":19,"column":52}},"10":{"start":{"line":20,"column":4},"end":{"line":20,"column":39}},"11":{"start":{"line":22,"column":4},"end":{"line":22,"column":69}}},"fnMap":{"0":{"name":"(anonymous_0)","decl":{"start":{"line":3,"column":32},"end":{"line":3,"column":33}},"loc":{"start":{"line":3,"column":52},"end":{"line":16,"column":1}},"line":3},"1":{"name":"(anonymous_1)","decl":{"start":{"line":17,"column":31},"end":{"line":17,"column":32}},"loc":{"start":{"line":17,"column":51},"end":{"line":24,"column":1}},"line":17}},"branchMap":{},"s":{"0":3,"1":2,"2":2,"3":2,"4":1,"5":1,"6":1,"7":3,"8":2,"9":2,"10":1,"11":1},"f":{"0":2,"1":2},"b":{},"inputSourceMap":null,"_coverageSchema":"1a1c01bbd47fc00a2c39e90264f33305004495a9","hash":"ca91849b7052c1211efb83f578c16064e46c30af"}
,"C:\\Users\\eduar\\OneDrive\\Escritorio\\Semestre 6\\Ingenieria de Software\\Kalpan\\Kalpan\\Backend\\src\\controllers\\estudiante.Controller.js": {"path":"C:\\Users\\eduar\\OneDrive\\Escritorio\\Semestre 6\\Ingenieria de Software\\Kalpan\\Kalpan\\Backend\\src\\controllers\\estudiante.Controller.js","statementMap":{"0":{"start":{"line":5,"column":32},"end":{"line":20,"column":1}},"1":{"start":{"line":6,"column":4},"end":{"line":19,"column":5}},"2":{"start":{"line":7,"column":71},"end":{"line":7,"column":79}},"3":{"start":{"line":9,"column":30},"end":{"line":11,"column":10}},"4":{"start":{"line":12,"column":8},"end":{"line":12,"column":35}},"5":{"start":{"line":13,"column":8},"end":{"line":16,"column":11}},"6":{"start":{"line":18,"column":8},"end":{"line":18,"column":62}},"7":{"start":{"line":22,"column":30},"end":{"line":29,"column":1}},"8":{"start":{"line":23,"column":4},"end":{"line":28,"column":5}},"9":{"start":{"line":24,"column":28},"end":{"line":24,"column":54}},"10":{"start":{"line":25,"column":8},"end":{"line":25,"column":30}},"11":{"start":{"line":27,"column":8},"end":{"line":27,"column":62}}},"fnMap":{"0":{"name":"(anonymous_0)","decl":{"start":{"line":5,"column":32},"end":{"line":5,"column":33}},"loc":{"start":{"line":5,"column":52},"end":{"line":20,"column":1}},"line":5},"1":{"name":"(anonymous_1)","decl":{"start":{"line":22,"column":30},"end":{"line":22,"column":31}},"loc":{"start":{"line":22,"column":50},"end":{"line":29,"column":1}},"line":22}},"branchMap":{},"s":{"0":3,"1":2,"2":2,"3":2,"4":1,"5":1,"6":1,"7":3,"8":2,"9":2,"10":1,"11":1},"f":{"0":2,"1":2},"b":{},"inputSourceMap":null,"_coverageSchema":"1a1c01bbd47fc00a2c39e90264f33305004495a9","hash":"3025bdd2fc55c314fc385062ef5a2c5a5f4ce950"}
,"C:\\Users\\eduar\\OneDrive\\Escritorio\\Semestre 6\\Ingenieria de Software\\Kalpan\\Kalpan\\Backend\\src\\controllers\\login.Controller.js": {"path":"C:\\Users\\eduar\\OneDrive\\Escritorio\\Semestre 6\\Ingenieria de Software\\Kalpan\\Kalpan\\Backend\\src\\controllers\\login.Controller.js","statementMap":{"0":{"start":{"line":4,"column":21},"end":{"line":27,"column":1}},"1":{"start":{"line":5,"column":4},"end":{"line":26,"column":5}},"2":{"start":{"line":6,"column":36},"end":{"line":6,"column":44}},"3":{"start":{"line":7,"column":27},"end":{"line":7,"column":73}},"4":{"start":{"line":8,"column":28},"end":{"line":8,"column":75}},"5":{"start":{"line":10,"column":21},"end":{"line":10,"column":46}},"6":{"start":{"line":12,"column":8},"end":{"line":14,"column":9}},"7":{"start":{"line":13,"column":12},"end":{"line":13,"column":79}},"8":{"start":{"line":16,"column":8},"end":{"line":18,"column":9}},"9":{"start":{"line":17,"column":12},"end":{"line":17,"column":87}},"10":{"start":{"line":20,"column":8},"end":{"line":20,"column":26}},"11":{"start":{"line":23,"column":8},"end":{"line":23,"column":67}},"12":{"start":{"line":25,"column":8},"end":{"line":25,"column":76}}},"fnMap":{"0":{"name":"(anonymous_0)","decl":{"start":{"line":4,"column":21},"end":{"line":4,"column":22}},"loc":{"start":{"line":4,"column":41},"end":{"line":27,"column":1}},"line":4}},"branchMap":{"0":{"loc":{"start":{"line":10,"column":21},"end":{"line":10,"column":46}},"type":"binary-expr","locations":[{"start":{"line":10,"column":21},"end":{"line":10,"column":31}},{"start":{"line":10,"column":35},"end":{"line":10,"column":46}}],"line":10},"1":{"loc":{"start":{"line":12,"column":8},"end":{"line":14,"column":9}},"type":"if","locations":[{"start":{"line":12,"column":8},"end":{"line":14,"column":9}},{"start":{},"end":{}}],"line":12},"2":{"loc":{"start":{"line":16,"column":8},"end":{"line":18,"column":9}},"type":"if","locations":[{"start":{"line":16,"column":8},"end":{"line":18,"column":9}},{"start":{},"end":{}}],"line":16}},"s":{"0":3,"1":5,"2":5,"3":5,"4":4,"5":4,"6":4,"7":1,"8":3,"9":1,"10":2,"11":2,"12":1},"f":{"0":5},"b":{"0":[4,2],"1":[1,3],"2":[1,2]},"inputSourceMap":null,"_coverageSchema":"1a1c01bbd47fc00a2c39e90264f33305004495a9","hash":"8654d4b75f60036d67e0a713605a73d3e2481808"}
,"C:\\Users\\eduar\\OneDrive\\Escritorio\\Semestre 6\\Ingenieria de Software\\Kalpan\\Kalpan\\Backend\\src\\database\\database.js": {"path":"C:\\Users\\eduar\\OneDrive\\Escritorio\\Semestre 6\\Ingenieria de Software\\Kalpan\\Kalpan\\Backend\\src\\database\\database.js","statementMap":{"0":{"start":{"line":3,"column":25},"end":{"line":6,"column":2}}},"fnMap":{},"branchMap":{},"s":{"0":2},"f":{},"b":{},"inputSourceMap":null,"_coverageSchema":"1a1c01bbd47fc00a2c39e90264f33305004495a9","hash":"f5a7ac2c8f8322dcc6a7705b024ee588c3a96f97"}
,"C:\\Users\\eduar\\OneDrive\\Escritorio\\Semestre 6\\Ingenieria de Software\\Kalpan\\Kalpan\\Backend\\src\\middlewares\\uploads.js": {"path":"C:\\Users\\eduar\\OneDrive\\Escritorio\\Semestre 6\\Ingenieria de Software\\Kalpan\\Kalpan\\Backend\\src\\middlewares\\uploads.js","statementMap":{"0":{"start":{"line":4,"column":16},"end":{"line":9,"column":2}},"1":{"start":{"line":7,"column":8},"end":{"line":7,"column":63}},"2":{"start":{"line":11,"column":23},"end":{"line":11,"column":42}}},"fnMap":{"0":{"name":"(anonymous_0)","decl":{"start":{"line":6,"column":14},"end":{"line":6,"column":15}},"loc":{"start":{"line":6,"column":33},"end":{"line":8,"column":5}},"line":6}},"branchMap":{},"s":{"0":3,"1":0,"2":3},"f":{"0":0},"b":{},"inputSourceMap":null,"_coverageSchema":"1a1c01bbd47fc00a2c39e90264f33305004495a9","hash":"7ab5cc7ed756101ad17c2598c0ff820dad19a1a4"}
,"C:\\Users\\eduar\\OneDrive\\Escritorio\\Semestre 6\\Ingenieria de Software\\Kalpan\\Kalpan\\Backend\\src\\mock\\Alojamiento.js": {"path":"C:\\Users\\eduar\\OneDrive\\Escritorio\\Semestre 6\\Ingenieria de Software\\Kalpan\\Kalpan\\Backend\\src\\mock\\Alojamiento.js","statementMap":{"0":{"start":{"line":3,"column":27},"end":{"line":10,"column":1}}},"fnMap":{},"branchMap":{},"s":{"0":2},"f":{},"b":{},"inputSourceMap":null,"_coverageSchema":"1a1c01bbd47fc00a2c39e90264f33305004495a9","hash":"fbda5fb435a9fb1581e0d4678e03ac9920428272"}
,"C:\\Users\\eduar\\OneDrive\\Escritorio\\Semestre 6\\Ingenieria de Software\\Kalpan\\Kalpan\\Backend\\src\\mock\\Estudiante.js": {"path":"C:\\Users\\eduar\\OneDrive\\Escritorio\\Semestre 6\\Ingenieria de Software\\Kalpan\\Kalpan\\Backend\\src\\mock\\Estudiante.js","statementMap":{"0":{"start":{"line":3,"column":26},"end":{"line":7,"column":1}}},"fnMap":{},"branchMap":{},"s":{"0":1},"f":{},"b":{},"inputSourceMap":null,"_coverageSchema":"1a1c01bbd47fc00a2c39e90264f33305004495a9","hash":"7bcaf30974bf92070ddb8cedb2f6a771127dc59b"}
,"C:\\Users\\eduar\\OneDrive\\Escritorio\\Semestre 6\\Ingenieria de Software\\Kalpan\\Kalpan\\Backend\\src\\mock\\Propietario.js": {"path":"C:\\Users\\eduar\\OneDrive\\Escritorio\\Semestre 6\\Ingenieria de Software\\Kalpan\\Kalpan\\Backend\\src\\mock\\Propietario.js","statementMap":{"0":{"start":{"line":3,"column":27},"end":{"line":6,"column":1}}},"fnMap":{},"branchMap":{},"s":{"0":1},"f":{},"b":{},"inputSourceMap":null,"_coverageSchema":"1a1c01bbd47fc00a2c39e90264f33305004495a9","hash":"49566ca21eebe23921b5aa042560edb2d82bf1e7"}
,"C:\\Users\\eduar\\OneDrive\\Escritorio\\Semestre 6\\Ingenieria de Software\\Kalpan\\Kalpan\\Backend\\src\\models\\Alojamiento.js": {"path":"C:\\Users\\eduar\\OneDrive\\Escritorio\\Semestre 6\\Ingenieria de Software\\Kalpan\\Kalpan\\Backend\\src\\models\\Alojamiento.js","statementMap":{"0":{"start":{"line":5,"column":27},"end":{"line":61,"column":2}},"1":{"start":{"line":64,"column":0},"end":{"line":66,"column":3}},"2":{"start":{"line":68,"column":0},"end":{"line":70,"column":3}}},"fnMap":{},"branchMap":{},"s":{"0":1,"1":1,"2":1},"f":{},"b":{},"inputSourceMap":null,"_coverageSchema":"1a1c01bbd47fc00a2c39e90264f33305004495a9","hash":"15a78cbeddbf2c162ef56ee314fcaa96f421947d"}
,"C:\\Users\\eduar\\OneDrive\\Escritorio\\Semestre 6\\Ingenieria de Software\\Kalpan\\Kalpan\\Backend\\src\\models\\Estudiante.js": {"path":"C:\\Users\\eduar\\OneDrive\\Escritorio\\Semestre 6\\Ingenieria de Software\\Kalpan\\Kalpan\\Backend\\src\\models\\Estudiante.js","statementMap":{"0":{"start":{"line":4,"column":26},"end":{"line":39,"column":2}}},"fnMap":{},"branchMap":{},"s":{"0":1},"f":{},"b":{},"inputSourceMap":null,"_coverageSchema":"1a1c01bbd47fc00a2c39e90264f33305004495a9","hash":"15c1578c5395efd32ab47a472f1bc99c7da19944"}
,"C:\\Users\\eduar\\OneDrive\\Escritorio\\Semestre 6\\Ingenieria de Software\\Kalpan\\Kalpan\\Backend\\src\\models\\Propietario.js": {"path":"C:\\Users\\eduar\\OneDrive\\Escritorio\\Semestre 6\\Ingenieria de Software\\Kalpan\\Kalpan\\Backend\\src\\models\\Propietario.js","statementMap":{"0":{"start":{"line":4,"column":27},"end":{"line":39,"column":2}}},"fnMap":{},"branchMap":{},"s":{"0":2},"f":{},"b":{},"inputSourceMap":null,"_coverageSchema":"1a1c01bbd47fc00a2c39e90264f33305004495a9","hash":"af90fe1651556ca22ec82594bb131afcc9c2ae44"}
,"C:\\Users\\eduar\\OneDrive\\Escritorio\\Semestre 6\\Ingenieria de Software\\Kalpan\\Kalpan\\Backend\\src\\routes\\alojamiento.Routes.js": {"path":"C:\\Users\\eduar\\OneDrive\\Escritorio\\Semestre 6\\Ingenieria de Software\\Kalpan\\Kalpan\\Backend\\src\\routes\\alojamiento.Routes.js","statementMap":{"0":{"start":{"line":5,"column":15},"end":{"line":5,"column":23}},"1":{"start":{"line":7,"column":0},"end":{"line":7,"column":76}},"2":{"start":{"line":8,"column":0},"end":{"line":8,"column":45}}},"fnMap":{},"branchMap":{},"s":{"0":3,"1":3,"2":3},"f":{},"b":{},"inputSourceMap":null,"_coverageSchema":"1a1c01bbd47fc00a2c39e90264f33305004495a9","hash":"738670c6b179a8c4a57c24cb20c08520f2bf085c"}
,"C:\\Users\\eduar\\OneDrive\\Escritorio\\Semestre 6\\Ingenieria de Software\\Kalpan\\Kalpan\\Backend\\src\\routes\\estudiante.Routes.js": {"path":"C:\\Users\\eduar\\OneDrive\\Escritorio\\Semestre 6\\Ingenieria de Software\\Kalpan\\Kalpan\\Backend\\src\\routes\\estudiante.Routes.js","statementMap":{"0":{"start":{"line":4,"column":15},"end":{"line":4,"column":23}},"1":{"start":{"line":6,"column":0},"end":{"line":6,"column":50}},"2":{"start":{"line":7,"column":0},"end":{"line":7,"column":43}}},"fnMap":{},"branchMap":{},"s":{"0":3,"1":3,"2":3},"f":{},"b":{},"inputSourceMap":null,"_coverageSchema":"1a1c01bbd47fc00a2c39e90264f33305004495a9","hash":"09aa84415ec92a9dc6529c4506fc445365917092"}
,"C:\\Users\\eduar\\OneDrive\\Escritorio\\Semestre 6\\Ingenieria de Software\\Kalpan\\Kalpan\\Backend\\src\\routes\\login.Routes.js": {"path":"C:\\Users\\eduar\\OneDrive\\Escritorio\\Semestre 6\\Ingenieria de Software\\Kalpan\\Kalpan\\Backend\\src\\routes\\login.Routes.js","statementMap":{"0":{"start":{"line":4,"column":15},"end":{"line":4,"column":23}},"1":{"start":{"line":6,"column":0},"end":{"line":6,"column":29}}},"fnMap":{},"branchMap":{},"s":{"0":3,"1":3},"f":{},"b":{},"inputSourceMap":null,"_coverageSchema":"1a1c01bbd47fc00a2c39e90264f33305004495a9","hash":"3de0df7372871cf88156edd1dadff944c9e64b76"}
}
