TN:
SF:src\app.js
FNF:0
FNH:0
DA:8,3
DA:10,3
DA:15,3
DA:17,3
DA:18,3
DA:19,3
DA:20,3
LF:7
LH:7
BRF:0
BRH:0
end_of_record
TN:
SF:src\controllers\alojamiento.Controller.js
FN:3,(anonymous_0)
FN:17,(anonymous_1)
FNF:2
FNH:2
FNDA:2,(anonymous_0)
FNDA:2,(anonymous_1)
DA:3,3
DA:4,2
DA:5,2
DA:7,2
DA:11,1
DA:12,1
DA:14,1
DA:17,3
DA:18,2
DA:19,2
DA:20,1
DA:22,1
LF:12
LH:12
BRF:0
BRH:0
end_of_record
TN:
SF:src\controllers\estudiante.Controller.js
FN:5,(anonymous_0)
FN:22,(anonymous_1)
FNF:2
FNH:2
FNDA:2,(anonymous_0)
FNDA:2,(anonymous_1)
DA:5,3
DA:6,2
DA:7,2
DA:9,2
DA:12,1
DA:13,1
DA:18,1
DA:22,3
DA:23,2
DA:24,2
DA:25,1
DA:27,1
LF:12
LH:12
BRF:0
BRH:0
end_of_record
TN:
SF:src\controllers\login.Controller.js
FN:4,(anonymous_0)
FNF:1
FNH:1
FNDA:5,(anonymous_0)
DA:4,3
DA:5,5
DA:6,5
DA:7,5
DA:8,4
DA:10,4
DA:12,4
DA:13,1
DA:16,3
DA:17,1
DA:20,2
DA:23,2
DA:25,1
LF:13
LH:13
BRDA:10,0,0,4
BRDA:10,0,1,2
BRDA:12,1,0,1
BRDA:12,1,1,3
BRDA:16,2,0,1
BRDA:16,2,1,2
BRF:6
BRH:6
end_of_record
TN:
SF:src\database\database.js
FNF:0
FNH:0
DA:3,2
LF:1
LH:1
BRF:0
BRH:0
end_of_record
TN:
SF:src\middlewares\uploads.js
FN:6,(anonymous_0)
FNF:1
FNH:0
FNDA:0,(anonymous_0)
DA:4,3
DA:7,0
DA:11,3
LF:3
LH:2
BRF:0
BRH:0
end_of_record
TN:
SF:src\mock\Alojamiento.js
FNF:0
FNH:0
DA:3,2
LF:1
LH:1
BRF:0
BRH:0
end_of_record
TN:
SF:src\mock\Estudiante.js
FNF:0
FNH:0
DA:3,1
LF:1
LH:1
BRF:0
BRH:0
end_of_record
TN:
SF:src\mock\Propietario.js
FNF:0
FNH:0
DA:3,1
LF:1
LH:1
BRF:0
BRH:0
end_of_record
TN:
SF:src\models\Alojamiento.js
FNF:0
FNH:0
DA:5,1
DA:64,1
DA:68,1
LF:3
LH:3
BRF:0
BRH:0
end_of_record
TN:
SF:src\models\Estudiante.js
FNF:0
FNH:0
DA:4,1
LF:1
LH:1
BRF:0
BRH:0
end_of_record
TN:
SF:src\models\Propietario.js
FNF:0
FNH:0
DA:4,2
LF:1
LH:1
BRF:0
BRH:0
end_of_record
TN:
SF:src\routes\alojamiento.Routes.js
FNF:0
FNH:0
DA:5,3
DA:7,3
DA:8,3
LF:3
LH:3
BRF:0
BRH:0
end_of_record
TN:
SF:src\routes\estudiante.Routes.js
FNF:0
FNH:0
DA:4,3
DA:6,3
DA:7,3
LF:3
LH:3
BRF:0
BRH:0
end_of_record
TN:
SF:src\routes\login.Routes.js
FNF:0
FNH:0
DA:4,3
DA:6,3
LF:2
LH:2
BRF:0
BRH:0
end_of_record
